#
# A fatal error has been detected by the Java Runtime Environment:
#
#  Internal Error (classFileParser.cpp:3075), pid=6866, tid=139857516705536
#  Error: ShouldNotReachHere()
#
# JRE version: 6.0_17-b17
# Java VM: OpenJDK 64-Bit Server VM (14.0-b16 mixed mode linux-amd64 )
# Derivative: IcedTea6 1.7.4
# Distribution: Custom build (Thu Nov 11 07:16:52 GMT 2010)
# If you would like to submit a bug report, please include
# instructions how to reproduce the bug and visit:
#   http://icedtea.classpath.org/bugzilla
#

---------------  T H R E A D  ---------------

Current thread (0x00007f3318009800):  JavaThread "Unknown thread" [_thread_in_vm, id=6872, stack(0x00007f331d8a3000,0x00007f331d9a4000)]

Stack: [0x00007f331d8a3000,0x00007f331d9a4000],  sp=0x00007f331d9a1df0,  free space=1019k
Native frames: (J=compiled Java code, j=interpreted, Vv=VM code, C=native code)
V  [libjvm.so+0x64f6ef]
V  [libjvm.so+0x64f8ed]
V  [libjvm.so+0x2c6bd3]
V  [libjvm.so+0x265dab]
V  [libjvm.so+0x26878e]
V  [libjvm.so+0x5ed4d3]
V  [libjvm.so+0x5ee073]
V  [libjvm.so+0x5ee903]
V  [libjvm.so+0x5eea65]
V  [libjvm.so+0x5eead9]
V  [libjvm.so+0x5eebd0]
V  [libjvm.so+0x62d13f]
V  [libjvm.so+0x62dad4]
V  [libjvm.so+0x378eba]
V  [libjvm.so+0x61bd13]
V  [libjvm.so+0x3bcd60]
C  [java+0x26de]  JavaMain+0x7e


---------------  P R O C E S S  ---------------

Java Threads: ( => current thread )

Other Threads:

=>0x00007f3318009800 (exited) JavaThread "Unknown thread" [_thread_in_vm, id=6872, stack(0x00007f331d8a3000,0x00007f331d9a4000)]

VM state:not at safepoint (not fully initialized)

VM Mutex/Monitor currently owned by a thread: None

Dynamic libraries:
00400000-00408000 r-xp 00000000 fd:00 1445760                            /usr/lib/jvm/java-1.6.0-openjdk-1.6.0.0.x86_64/bin/java
00608000-00609000 rw-p 00008000 fd:00 1445760                            /usr/lib/jvm/java-1.6.0-openjdk-1.6.0.0.x86_64/bin/java
01f3b000-01f5c000 rw-p 00000000 00:00 0                                  [heap]
3894e00000-3894e20000 r-xp 00000000 fd:00 917507                         /lib64/ld-2.12.so
389501f000-3895020000 r--p 0001f000 fd:00 917507                         /lib64/ld-2.12.so
3895020000-3895021000 rw-p 00020000 fd:00 917507                         /lib64/ld-2.12.so
3895021000-3895022000 rw-p 00000000 00:00 0 
3895200000-3895386000 r-xp 00000000 fd:00 917532                         /lib64/libc-2.12.so
3895386000-3895586000 ---p 00186000 fd:00 917532                         /lib64/libc-2.12.so
3895586000-389558a000 r--p 00186000 fd:00 917532                         /lib64/libc-2.12.so
389558a000-389558b000 rw-p 0018a000 fd:00 917532                         /lib64/libc-2.12.so
389558b000-3895590000 rw-p 00000000 00:00 0 
3895600000-3895602000 r-xp 00000000 fd:00 917627                         /lib64/libdl-2.12.so
3895602000-3895802000 ---p 00002000 fd:00 917627                         /lib64/libdl-2.12.so
3895802000-3895803000 r--p 00002000 fd:00 917627                         /lib64/libdl-2.12.so
3895803000-3895804000 rw-p 00003000 fd:00 917627                         /lib64/libdl-2.12.so
3895a00000-3895a17000 r-xp 00000000 fd:00 917621                         /lib64/libpthread-2.12.so
3895a17000-3895c16000 ---p 00017000 fd:00 917621                         /lib64/libpthread-2.12.so
3895c16000-3895c17000 r--p 00016000 fd:00 917621                         /lib64/libpthread-2.12.so
3895c17000-3895c18000 rw-p 00017000 fd:00 917621                         /lib64/libpthread-2.12.so
3895c18000-3895c1c000 rw-p 00000000 00:00 0 
3895e00000-3895e04000 r-xp 00000000 fd:00 1445255                        /usr/lib/jvm/java-1.6.0-openjdk-1.6.0.0.x86_64/jre/lib/amd64/jli/libjli.so
3895e04000-3896003000 ---p 00004000 fd:00 1445255                        /usr/lib/jvm/java-1.6.0-openjdk-1.6.0.0.x86_64/jre/lib/amd64/jli/libjli.so
3896003000-3896004000 rw-p 00003000 fd:00 1445255                        /usr/lib/jvm/java-1.6.0-openjdk-1.6.0.0.x86_64/jre/lib/amd64/jli/libjli.so
3896200000-3896207000 r-xp 00000000 fd:00 917622                         /lib64/librt-2.12.so
3896207000-3896406000 ---p 00007000 fd:00 917622                         /lib64/librt-2.12.so
3896406000-3896407000 r--p 00006000 fd:00 917622                         /lib64/librt-2.12.so
3896407000-3896408000 rw-p 00007000 fd:00 917622                         /lib64/librt-2.12.so
3896600000-3896615000 r-xp 00000000 fd:00 917626                         /lib64/libz.so.1.2.3
3896615000-3896814000 ---p 00015000 fd:00 917626                         /lib64/libz.so.1.2.3
3896814000-3896815000 r--p 00014000 fd:00 917626                         /lib64/libz.so.1.2.3
3896815000-3896816000 rw-p 00015000 fd:00 917626                         /lib64/libz.so.1.2.3
38a4200000-38a4216000 r-xp 00000000 fd:00 917650                         /lib64/libnsl-2.12.so
38a4216000-38a4415000 ---p 00016000 fd:00 917650                         /lib64/libnsl-2.12.so
38a4415000-38a4416000 r--p 00015000 fd:00 917650                         /lib64/libnsl-2.12.so
38a4416000-38a4417000 rw-p 00016000 fd:00 917650                         /lib64/libnsl-2.12.so
38a4417000-38a4419000 rw-p 00000000 00:00 0 
7f32d8000000-7f32d8021000 rw-p 00000000 00:00 0 
7f32d8021000-7f32dc000000 ---p 00000000 00:00 0 
7f32e0000000-7f32e0021000 rw-p 00000000 00:00 0 
7f32e0021000-7f32e4000000 ---p 00000000 00:00 0 
7f32e5360000-7f32e6820000 rwxp 00000000 00:00 0 
7f32e6820000-7f32efb60000 rwxp 00000000 00:00 0 
7f32efb60000-7f32f1050000 rwxp 00000000 00:00 0 
7f32f1050000-7f3304a10000 rwxp 00000000 00:00 0 
7f3304a10000-7f3305480000 rwxp 00000000 00:00 0 
7f3305480000-7f330f160000 rwxp 00000000 00:00 0 
7f330f16f000-7f330f3df000 rwxp 00000000 00:00 0 
7f330f3df000-7f331216f000 rwxp 00000000 00:00 0 
7f331216f000-7f3318000000 r--p 00000000 fd:00 1313923                    /usr/lib/locale/locale-archive
7f3318000000-7f3318064000 rw-p 00000000 00:00 0 
7f3318064000-7f331c000000 ---p 00000000 00:00 0 
7f331c403000-7f331c4c1000 r--s 00fac000 fd:00 1589046                    /home/v/Desktop/eclipse/android-sdk-linux/platforms/android-15/android.jar
7f331c4c1000-7f331c4e9000 rw-p 00000000 00:00 0 
7f331c4e9000-7f331c4ea000 ---p 00000000 00:00 0 
7f331c4ea000-7f331c5ea000 rw-p 00000000 00:00 0 
7f331c5ea000-7f331c5eb000 ---p 00000000 00:00 0 
7f331c5eb000-7f331c6eb000 rw-p 00000000 00:00 0 
7f331c6eb000-7f331c6f6000 rwxp 00000000 00:00 0 
7f331c6f6000-7f331c73f000 rwxp 00000000 00:00 0 
7f331c73f000-7f331c74a000 rwxp 00000000 00:00 0 
7f331c74a000-7f331c7e7000 rwxp 00000000 00:00 0 
7f331c7e7000-7f331c7f2000 rwxp 00000000 00:00 0 
7f331c7f2000-7f331c83b000 rwxp 00000000 00:00 0 
7f331c83b000-7f331c846000 rwxp 00000000 00:00 0 
7f331c846000-7f331c8e2000 rwxp 00000000 00:00 0 
7f331c8e2000-7f331c8e8000 rwxp 00000000 00:00 0 
7f331c8e8000-7f331c936000 rwxp 00000000 00:00 0 
7f331c936000-7f331c941000 rwxp 00000000 00:00 0 
7f331c941000-7f331c9f7000 rwxp 00000000 00:00 0 
7f331c9f7000-7f331c9fe000 r-xp 00000000 fd:00 1445801                    /usr/lib/jvm/java-1.6.0-openjdk-1.6.0.0.x86_64/jre/lib/amd64/libzip.so
7f331c9fe000-7f331cbfd000 ---p 00007000 fd:00 1445801                    /usr/lib/jvm/java-1.6.0-openjdk-1.6.0.0.x86_64/jre/lib/amd64/libzip.so
7f331cbfd000-7f331cbfe000 rw-p 00006000 fd:00 1445801                    /usr/lib/jvm/java-1.6.0-openjdk-1.6.0.0.x86_64/jre/lib/amd64/libzip.so
7f331cbfe000-7f331cc0a000 r-xp 00000000 fd:00 917533                     /lib64/libnss_files-2.12.so
7f331cc0a000-7f331ce0a000 ---p 0000c000 fd:00 917533                     /lib64/libnss_files-2.12.so
7f331ce0a000-7f331ce0b000 r--p 0000c000 fd:00 917533                     /lib64/libnss_files-2.12.so
7f331ce0b000-7f331ce0c000 rw-p 0000d000 fd:00 917533                     /lib64/libnss_files-2.12.so
7f331ce1e000-7f331ce21000 r-xp 00000000 fd:00 1445794                    /usr/lib/jvm/java-1.6.0-openjdk-1.6.0.0.x86_64/jre/lib/amd64/libnpt.so
7f331ce21000-7f331d020000 ---p 00003000 fd:00 1445794                    /usr/lib/jvm/java-1.6.0-openjdk-1.6.0.0.x86_64/jre/lib/amd64/libnpt.so
7f331d020000-7f331d021000 rw-p 00002000 fd:00 1445794                    /usr/lib/jvm/java-1.6.0-openjdk-1.6.0.0.x86_64/jre/lib/amd64/libnpt.so
7f331d021000-7f331d05b000 r-xp 00000000 fd:00 1445784                    /usr/lib/jvm/java-1.6.0-openjdk-1.6.0.0.x86_64/jre/lib/amd64/libjdwp.so
7f331d05b000-7f331d25a000 ---p 0003a000 fd:00 1445784                    /usr/lib/jvm/java-1.6.0-openjdk-1.6.0.0.x86_64/jre/lib/amd64/libjdwp.so
7f331d25a000-7f331d25b000 rw-p 00039000 fd:00 1445784                    /usr/lib/jvm/java-1.6.0-openjdk-1.6.0.0.x86_64/jre/lib/amd64/libjdwp.so
7f331d25b000-7f331d25c000 rw-p 00000000 00:00 0 
7f331d25c000-7f331d264000 r-xp 00000000 fd:00 1581472                    /usr/lib/jvm/java-1.6.0-openjdk-1.6.0.0.x86_64/jre/lib/amd64/native_threads/libhpi.so
7f331d264000-7f331d463000 ---p 00008000 fd:00 1581472                    /usr/lib/jvm/java-1.6.0-openjdk-1.6.0.0.x86_64/jre/lib/amd64/native_threads/libhpi.so
7f331d463000-7f331d464000 rw-p 00007000 fd:00 1581472                    /usr/lib/jvm/java-1.6.0-openjdk-1.6.0.0.x86_64/jre/lib/amd64/native_threads/libhpi.so
7f331d464000-7f331d465000 rw-p 00000000 00:00 0 
7f331d465000-7f331d491000 r-xp 00000000 fd:00 1445781                    /usr/lib/jvm/java-1.6.0-openjdk-1.6.0.0.x86_64/jre/lib/amd64/libjava.so
7f331d491000-7f331d690000 ---p 0002c000 fd:00 1445781                    /usr/lib/jvm/java-1.6.0-openjdk-1.6.0.0.x86_64/jre/lib/amd64/libjava.so
7f331d690000-7f331d694000 rw-p 0002b000 fd:00 1445781                    /usr/lib/jvm/java-1.6.0-openjdk-1.6.0.0.x86_64/jre/lib/amd64/libjava.so
7f331d694000-7f331d6a2000 r-xp 00000000 fd:00 1445800                    /usr/lib/jvm/java-1.6.0-openjdk-1.6.0.0.x86_64/jre/lib/amd64/libverify.so
7f331d6a2000-7f331d8a1000 ---p 0000e000 fd:00 1445800                    /usr/lib/jvm/java-1.6.0-openjdk-1.6.0.0.x86_64/jre/lib/amd64/libverify.so
7f331d8a1000-7f331d8a3000 rw-p 0000d000 fd:00 1445800                    /usr/lib/jvm/java-1.6.0-openjdk-1.6.0.0.x86_64/jre/lib/amd64/libverify.so
7f331d8a3000-7f331d8a6000 ---p 00000000 00:00 0 
7f331d8a6000-7f331d9a4000 rw-p 00000000 00:00 0 
7f331d9a4000-7f331da27000 r-xp 00000000 fd:00 917624                     /lib64/libm-2.12.so
7f331da27000-7f331dc26000 ---p 00083000 fd:00 917624                     /lib64/libm-2.12.so
7f331dc26000-7f331dc27000 r--p 00082000 fd:00 917624                     /lib64/libm-2.12.so
7f331dc27000-7f331dc28000 rw-p 00083000 fd:00 917624                     /lib64/libm-2.12.so
7f331dc28000-7f331e3d5000 r-xp 00000000 fd:00 1711559                    /usr/lib/jvm/java-1.6.0-openjdk-1.6.0.0.x86_64/jre/lib/amd64/server/libjvm.so
7f331e3d5000-7f331e5d4000 ---p 007ad000 fd:00 1711559                    /usr/lib/jvm/java-1.6.0-openjdk-1.6.0.0.x86_64/jre/lib/amd64/server/libjvm.so
7f331e5d4000-7f331e662000 rw-p 007ac000 fd:00 1711559                    /usr/lib/jvm/java-1.6.0-openjdk-1.6.0.0.x86_64/jre/lib/amd64/server/libjvm.so
7f331e662000-7f331e6a3000 rw-p 00000000 00:00 0 
7f331e6ab000-7f331e6b3000 rw-s 00000000 fd:00 2108212                    /tmp/hsperfdata_v/6866
7f331e6b3000-7f331e6b4000 rw-p 00000000 00:00 0 
7f331e6b4000-7f331e6b5000 r--p 00000000 00:00 0 
7f331e6b5000-7f331e6b6000 rw-p 00000000 00:00 0 
7ffff45b7000-7ffff45cc000 rw-p 00000000 00:00 0                          [stack]
7ffff45ff000-7ffff4600000 r-xp 00000000 00:00 0                          [vdso]
ffffffffff600000-ffffffffff601000 r-xp 00000000 00:00 0                  [vsyscall]

VM Arguments:
jvm_args: -agentlib:jdwp=transport=dt_socket,suspend=y,address=localhost:52561 -Dfile.encoding=UTF-8 -Xbootclasspath:/home/v/Desktop/eclipse/android-sdk-linux/platforms/android-15/android.jar 
java_command: com.v.tv.NetClient
Launcher Type: SUN_STANDARD

Environment Variables:
PATH=/usr/lib64/qt-3.3/bin:/usr/local/bin:/usr/bin:/bin:/usr/local/sbin:/usr/sbin:/sbin:/home/v/Desktop/eclipse/android-sdk-linux:/home/v/Desktop/eclipse/android-sdk-linux/platform-tools:/home/v/bin
USERNAME=v
LD_LIBRARY_PATH=/usr/lib/jvm/java-1.6.0-openjdk-1.6.0.0.x86_64/jre/lib/amd64/server:/usr/lib/jvm/java-1.6.0-openjdk-1.6.0.0.x86_64/jre/lib/amd64:/usr/lib/jvm/java-1.6.0-openjdk-1.6.0.0.x86_64/jre/../lib/amd64
SHELL=/bin/bash
DISPLAY=:0.0

Signal Handlers:
SIGSEGV: [libjvm.so+0x650360], sa_mask[0]=0x7ffbfeff, sa_flags=0x10000004
SIGBUS: [libjvm.so+0x650360], sa_mask[0]=0x7ffbfeff, sa_flags=0x10000004
SIGFPE: [libjvm.so+0x531d10], sa_mask[0]=0x7ffbfeff, sa_flags=0x10000004
SIGPIPE: [libjvm.so+0x531d10], sa_mask[0]=0x7ffbfeff, sa_flags=0x10000004
SIGXFSZ: [libjvm.so+0x531d10], sa_mask[0]=0x7ffbfeff, sa_flags=0x10000004
SIGILL: [libjvm.so+0x531d10], sa_mask[0]=0x7ffbfeff, sa_flags=0x10000004
SIGUSR1: SIG_DFL, sa_mask[0]=0x00000000, sa_flags=0x00000000
SIGUSR2: [libjvm.so+0x5314c0], sa_mask[0]=0x00000004, sa_flags=0x10000004
SIGHUP: SIG_DFL, sa_mask[0]=0x00000000, sa_flags=0x00000000
SIGINT: SIG_DFL, sa_mask[0]=0x00000000, sa_flags=0x00000000
SIGTERM: SIG_DFL, sa_mask[0]=0x00000000, sa_flags=0x00000000
SIGQUIT: SIG_DFL, sa_mask[0]=0x00000000, sa_flags=0x00000000


---------------  S Y S T E M  ---------------

OS:CentOS Linux release 6.0 (Final)

uname:Linux 2.6.32-71.el6.x86_64 #1 SMP Fri May 20 03:51:51 BST 2011 x86_64
libc:glibc 2.12 NPTL 2.12 
rlimit: STACK 10240k, CORE 0k, NPROC 1024, NOFILE 1024, AS infinity
load average:0.47 0.75 0.62

CPU:total 2 (2 cores per cpu, 1 threads per core) family 6 model 23 stepping 10, cmov, cx8, fxsr, mmx, sse, sse2, sse3, ssse3

Memory: 4k page, physical 2055508k(684284k free), swap 4128760k(4118740k free)

vm_info: OpenJDK 64-Bit Server VM (14.0-b16) for linux-amd64 JRE (1.6.0_17-b17), built on Nov 11 2010 07:32:22 by "mockbuild" with gcc 4.4.4 20100525 (Red Hat 4.4.4-5)

time: Mon Jun 10 10:18:20 2013
elapsed time: 0 seconds

